Copyright 1986-2020 Xilinx, Inc. All Rights Reserved.
------------------------------------------------------------------------------------
| Tool Version : Vivado v.2020.1 (lin64) Build 2902540 Wed May 27 19:54:35 MDT 2020
| Date         : Sun Dec 18 15:50:53 2022
| Host         : ubuntu running 64-bit Ubuntu 18.04.2 LTS
| Command      : upgrade_ip
| Device       : xc7a100tcsg324-1
------------------------------------------------------------------------------------

Upgrade Log for IP 'toplevel_uart_master_0_0'

1. Summary
----------

SUCCESS in the conversion of toplevel_uart_master_0_0 (xilinx.com:hls:uart_master:2.0 (Rev. 1)) to Vivado generation flows.






Copyright 1986-2020 Xilinx, Inc. All Rights Reserved.
------------------------------------------------------------------------------------
| Tool Version : Vivado v.2020.1 (lin64) Build 2902540 Wed May 27 19:54:35 MDT 2020
| Date         : Sat Dec 17 04:34:02 2022
| Host         : ubuntu running 64-bit Ubuntu 18.04.2 LTS
| Command      : upgrade_ip
| Device       : xc7a100tcsg324-1
------------------------------------------------------------------------------------

Upgrade Log for IP 'toplevel_uart_master_0_0'

1. Summary
----------

SUCCESS in the conversion of toplevel_uart_master_0_0 (xilinx.com:hls:uart_master:2.0 (Rev. 1)) to Vivado generation flows.






Copyright 1986-2020 Xilinx, Inc. All Rights Reserved.
------------------------------------------------------------------------------------
| Tool Version : Vivado v.2020.1 (lin64) Build 2902540 Wed May 27 19:54:35 MDT 2020
| Date         : Sat Dec 17 03:01:08 2022
| Host         : ubuntu running 64-bit Ubuntu 18.04.2 LTS
| Command      : upgrade_ip
| Device       : xc7a100tcsg324-1
------------------------------------------------------------------------------------

Upgrade Log for IP 'toplevel_uart_master_0_0'

1. Summary
----------

SUCCESS in the conversion of toplevel_uart_master_0_0 (xilinx.com:hls:uart_master:2.0 (Rev. 1)) to Vivado generation flows.






Copyright 1986-2020 Xilinx, Inc. All Rights Reserved.
------------------------------------------------------------------------------------
| Tool Version : Vivado v.2020.1 (lin64) Build 2902540 Wed May 27 19:54:35 MDT 2020
| Date         : Fri Dec 16 15:46:15 2022
| Host         : ubuntu running 64-bit Ubuntu 18.04.2 LTS
| Command      : upgrade_ip
| Device       : xc7a100tcsg324-1
------------------------------------------------------------------------------------

Upgrade Log for IP 'toplevel_uart_master_0_0'

1. Summary
----------

SUCCESS in the conversion of toplevel_uart_master_0_0 (xilinx.com:hls:uart_master:2.0 (Rev. 1)) to Vivado generation flows.






Copyright 1986-2020 Xilinx, Inc. All Rights Reserved.
------------------------------------------------------------------------------------
| Tool Version : Vivado v.2020.1 (lin64) Build 2902540 Wed May 27 19:54:35 MDT 2020
| Date         : Fri Dec 16 15:09:07 2022
| Host         : ubuntu running 64-bit Ubuntu 18.04.2 LTS
| Command      : upgrade_ip
| Device       : xc7a100tcsg324-1
------------------------------------------------------------------------------------

Upgrade Log for IP 'toplevel_uart_master_0_0'

1. Summary
----------

SUCCESS in the conversion of toplevel_uart_master_0_0 (xilinx.com:hls:uart_master:2.0 (Rev. 1)) to Vivado generation flows.






Copyright 1986-2020 Xilinx, Inc. All Rights Reserved.
------------------------------------------------------------------------------------
| Tool Version : Vivado v.2020.1 (lin64) Build 2902540 Wed May 27 19:54:35 MDT 2020
| Date         : Fri Dec 16 14:31:37 2022
| Host         : ubuntu running 64-bit Ubuntu 18.04.2 LTS
| Command      : upgrade_ip
| Device       : xc7a100tcsg324-1
------------------------------------------------------------------------------------

Upgrade Log for IP 'toplevel_uart_master_0_0'

1. Summary
----------

SUCCESS in the conversion of toplevel_uart_master_0_0 (xilinx.com:hls:uart_master:2.0 (Rev. 1)) to Vivado generation flows.






Copyright 1986-2020 Xilinx, Inc. All Rights Reserved.
------------------------------------------------------------------------------------
| Tool Version : Vivado v.2020.1 (lin64) Build 2902540 Wed May 27 19:54:35 MDT 2020
| Date         : Fri Dec 16 14:12:27 2022
| Host         : ubuntu running 64-bit Ubuntu 18.04.2 LTS
| Command      : upgrade_ip
| Device       : xc7a100tcsg324-1
------------------------------------------------------------------------------------

Upgrade Log for IP 'toplevel_uart_master_0_0'

1. Summary
----------

SUCCESS in the conversion of toplevel_uart_master_0_0 (xilinx.com:hls:uart_master:2.0 (Rev. 1)) to Vivado generation flows.






Copyright 1986-2020 Xilinx, Inc. All Rights Reserved.
------------------------------------------------------------------------------------
| Tool Version : Vivado v.2020.1 (lin64) Build 2902540 Wed May 27 19:54:35 MDT 2020
| Date         : Fri Dec 16 08:04:22 2022
| Host         : ubuntu running 64-bit Ubuntu 18.04.2 LTS
| Command      : upgrade_ip
| Device       : xc7a100tcsg324-1
------------------------------------------------------------------------------------

Upgrade Log for IP 'toplevel_uart_master_0_0'

1. Summary
----------

SUCCESS in the conversion of toplevel_uart_master_0_0 (xilinx.com:hls:uart_master:2.0 (Rev. 1)) to Vivado generation flows.






Copyright 1986-2020 Xilinx, Inc. All Rights Reserved.
------------------------------------------------------------------------------------
| Tool Version : Vivado v.2020.1 (lin64) Build 2902540 Wed May 27 19:54:35 MDT 2020
| Date         : Fri Dec 16 06:08:13 2022
| Host         : ubuntu running 64-bit Ubuntu 18.04.2 LTS
| Command      : upgrade_ip
| Device       : xc7a100tcsg324-1
------------------------------------------------------------------------------------

Upgrade Log for IP 'toplevel_uart_master_0_0'

1. Summary
----------

SUCCESS in the conversion of toplevel_uart_master_0_0 (xilinx.com:hls:uart_master:2.0 (Rev. 1)) to Vivado generation flows.






Copyright 1986-2020 Xilinx, Inc. All Rights Reserved.
------------------------------------------------------------------------------------
| Tool Version : Vivado v.2020.1 (lin64) Build 2902540 Wed May 27 19:54:35 MDT 2020
| Date         : Fri Dec 16 03:53:36 2022
| Host         : ubuntu running 64-bit Ubuntu 18.04.2 LTS
| Command      : upgrade_ip
| Device       : xc7a100tcsg324-1
------------------------------------------------------------------------------------

Upgrade Log for IP 'toplevel_uart_master_0_0'

1. Summary
----------

SUCCESS in the conversion of toplevel_uart_master_0_0 (xilinx.com:hls:uart_master:2.0 (Rev. 1)) to Vivado generation flows.






Copyright 1986-2020 Xilinx, Inc. All Rights Reserved.
------------------------------------------------------------------------------------
| Tool Version : Vivado v.2020.1 (lin64) Build 2902540 Wed May 27 19:54:35 MDT 2020
| Date         : Fri Dec 16 03:13:58 2022
| Host         : ubuntu running 64-bit Ubuntu 18.04.2 LTS
| Command      : upgrade_ip
| Device       : xc7a100tcsg324-1
------------------------------------------------------------------------------------

Upgrade Log for IP 'toplevel_uart_master_0_0'

1. Summary
----------

SUCCESS in the upgrade of toplevel_uart_master_0_0 from xilinx.com:hls:uart_master:1.0 (Rev. 1904100000) to xilinx.com:hls:uart_master:2.0 (Rev. 1)






Copyright 1986-2020 Xilinx, Inc. All Rights Reserved.
------------------------------------------------------------------------------------
| Tool Version : Vivado v.2020.1 (lin64) Build 2902540 Wed May 27 19:54:35 MDT 2020
| Date         : Fri Dec 16 01:00:31 2022
| Host         : ubuntu running 64-bit Ubuntu 18.04.2 LTS
| Command      : upgrade_ip
| Device       : xc7a100tcsg324-1
------------------------------------------------------------------------------------

Upgrade Log for IP 'toplevel_uart_master_0_0'

1. Summary
----------

SUCCESS in the conversion of toplevel_uart_master_0_0 (xilinx.com:hls:uart_master:1.0 (Rev. 1904100000)) to Vivado generation flows.






Copyright 1986-2020 Xilinx, Inc. All Rights Reserved.
------------------------------------------------------------------------------------
| Tool Version : Vivado v.2020.1 (lin64) Build 2902540 Wed May 27 19:54:35 MDT 2020
| Date         : Thu Dec 15 08:52:21 2022
| Host         : ubuntu running 64-bit Ubuntu 18.04.2 LTS
| Command      : upgrade_ip
| Device       : xc7a100tcsg324-1
------------------------------------------------------------------------------------

Upgrade Log for IP 'toplevel_uart_master_0_0'

1. Summary
----------

SUCCESS in the conversion of toplevel_uart_master_0_0 (xilinx.com:hls:uart_master:1.0 (Rev. 1904100000)) to Vivado generation flows.

